[    0.000]Intiizngcgrup subyscpset
[  000000 Initalzing rop subyspu
[  0000000] itlizig rop sbss uacct
[  00000 Lnux version 4.4.0-130-generic (buildd@lgw01-amd64-039)gcversi 54. 26009 (Ubuntu 5.4.0-6ubuntu1~104) ) #6-untuMPThuun14 08:53:28TC2018 (Ubuntu 4.4.0-130.156-generic 4.4.134)
[    0.000000] Command line: BOOT_IMAGE=/boot/vmlinuz-4.4.0-130-generic root=LABEL=cloudimg-rootfs ro console=tty1 console=ttyS0
[    0.000000] KERNEL supported cpus:
[    0.000000]   Intel GenuineIntel
[    0.000000]   AMD AuthenticAMD
[    0.000000]   Centaur CetaurHauls
[    0.000000] x86/pu xstat_oset[2]:  576, xsatsizes[2]:  256
[    0.000000] x86/fpu: Supporting XSAVE feature 0x01: 'x87 floating point registers'
[    0.000000] x86/fpu: Supporting XSAVE feature 0x02: 'SSE registers'
[    0.000000] x86/fpu: Supportg SAVE eaur 0x04: AVreister
   0.0000 x86/fpuEnbld tae feaur 07, cntt sie  82 bytesusng stdad' format.
[  0.000]x8/f: sing 'eagr'PUcontxtwitces.
[    0.00000 e20 BIOS-roded psical RAM map:
[    0.000000] BIOS-e820: [mem 0x0000000000000000-0x000000000009fbff] usable
[    0.000000] BIOS-e820: [mem 0x000000000009fc00-0x000000000009ffff] reserved
[    0.000000] BIOS-e820: [mem 0x00000000000f0000-0x00000000000fffff] reserved
[    0.000000] BIOS-e82: [mem 0x00000001000x000000ffefff]sale
[  000000BI-e820[m 0x0000dfff000-0000000dfffff] ACI ta
[    00000] IOe80:[mm 0000000ff000-0x00000000ffffffff] reserved
[    0.000000] BI-e820: [mem 00000000000000-0x000000011fffffff] usable
[   000000]NXExecteDible) protecio: ti
[    0000] SIO2.5 pesent.[    0000] ypvioretted: KVM
[  000000] 20 lastfn= x100 max_rcpf  = 000000000
[    .000] TR Disabled
[    0.000000] x86AT: MTRRs disabled, skipping PAT initialization too.
[    0.000000] CPU MTRRs all blank - virtualized system.
[    0.000000] x86/PAT: Configuration [0-7]: WB  WT  UC- UC  WB  T  - UC  
[    0.000000] e820: last_pfn = 0xdfff0 max_arch_pfn = 0x400000000
[    0.000000] found SMP MP-table at [mem 0x0009fff0-0x0009ffff] mapped at [ffff88000009fff0]
[   00000] canning 1 ares orlomemoy corruption
  0.00000] RAMDISK: [mem 0x36aa2000-0x37548fff]
[    0.000000ACI:Eay able hesum veriction isle
[    00000] AI:RSDP x00000000000 00024v02 VBX )[   00000] ACP: DT0x0000000DFFF030 0003C(v1 VBOX   VBXXDT 00000 ASL  00061)
[  000000 AI: FAP 0000000FF0F 000 (04 VBOX  VXFACP 0000001 L 000006
[    0.000000] ACPI: DSDT 0x00000000DFF70 01E (v01 VOX  BOXBIO 0002 TL 21028
[    0.0000] ACI:FACS 0x000000DFF020 000
[   0.0000] CP: AC0x00000DF0200 000
[    0.000000] ACPI: PI0x0000DFF0240 00C v0 VX   VBOXAPI 000001 ASL 0000061)
[   0.0000] ACP: SD0x00000DF0A0 001 (01 VOX VBOCP 000002 INT200028
[   0.000]NoNU cnfiurio fou
   0000] Fki a node at [mem 0x000000000000x000011ffff][   .0000]ODE_DATA(0 aocatd em0x11ff000x11ffff
[  000000 kvm-lok: Using msrs 4b564d01 and 4b564d00
[   0.00] kvclk: cpu 0, msr 1:1ffef001, primary puclock    .000000kv--clk: uing sedffsetf 9520549 cle
[  0.0000]losource: vmlock: as 0fffffffffff x_ycle: 1cd4e4fb mx_dlns: 8159591483 ns
[   .00000Zoe ranges:
[   0000000]  MA    [m 0x0000000000000-0x000000fffff
[   0.000]  D32  [me 000000001000000-0x0000ffffff]
[  0.0000] Nomal  [m 0x00010000-0x000011fffff]
[  00000] Devce empty    .000] Movab zne sarfo eac ne
[  .0000]ary meryode ranes
[    00000]  ne  0: [me0x000000010000x00000000009ff]
[    0.000000]   node   0: [mem 0x0000000000100000-0x00000000dffeffff
[    0.00000]   nde   [mem x000001000000x00000001ffff]
[  0.00000] Initmem setupno 0 [mem 000000000000-0x0000011ffffff
    .000] ACPI: PM-Timer IO Port: 0x4008
[    0.000000] IOAPIC[0]: apic_id 2, versio 17, addrssxfec0000,SI 0-2
   0.000] ACP: T_SRC_VR (bus0 busrq0 loal_rq dfldf
    0.00000] ACPI: INT_SRC_OVR (bus 0 bus_irq 9 global_irq 9 high level)
[    0.000000] Using ACPI (MADT) for SMP configuration information
[    0.000000] smpboot: Allowing 2 CPUs, 0 hotplug CPUs
[    0.000000] PM: Registered nosave memory: [mem 0x00000000-0x00000fff]
[    0.000000] PM: Registere nave emy:[mem x00900-0x009ff]
[  000000] M:egistered nosave mmo: mem 0x0000-0x000effff]
[    0.000] PM: egteed nosveemory: [mm 000f0000x000fffff]
[  00000] M:Restred nosave memor [me 0dfff0000-0xdfffffff]
[   0.0000] PM:egteredosveemy: [mem0x00000-ffbfff
[   0.0000 P: Reistered nosave memory: [mem 0xfffc0000-0xffffffff]
[    0.000000] e80:[mem 0e0000-xfbfff] avilblefoPCI devics
   0.00000] otin paravirtualized kernel on KVM
[    0.000000] clockoue: renejiffie: as: xfffff mx_cyle 0xfffff max_lens76551900158 s    0.000 setuppepu NR_CS:12 nr_cumk_bis:2 nr_cpuid2 nr_nodeid1
[   00000] PEPUEmbeed4 pagescp@ffff801c00000 s95 r8192d3528 u1486
[  000000PVqsinlockha tableenies: 25(ode: , 09 bytes)[   0.0000 Built 1 zonelists in Node order, mobility grouping on.  Total pages: 1032056
[    000000] oly on: rml
[    0.000000 Knel cma line BT_MAE=oo/vmlinu-4.0130-enic rotABL=loimg-rots o onol=tty1 cool=ttyS0
[    0.000000] PID hash table entries: 4096 (order: 3, 32768 bytes)
[    0.000000] Memory: 4032120K/4193848K available (8546K kernel code, 1313K rwdata, 4000K rodata,156K init, 31K bss 1728Krervd, 0 ca-esrved
[   0.00000] LU: Waign=64Order=0-, inbjts, CPUs2,odes=
[  0.000000] rnel/Uerag tbl isolaio eabed
[   0.00000] Hrachica R iplmeation.
[    0.000000] 	Build-time adjustment of leaf fanut to 64.
[    0.000] 	RU stricting PU fom NR_CPUS=51to nr_cpu_id2.
[  000000] CUAdustg ometry forrcfanout_ea64 nr_cpuds2[  0.00000] _IQS:33024 nr_irqs:440 16
[    0.000000] Console: colour VGA+ 80x25
[    0.000000] console [tty1] enabled
[    0.000000] console [ttyS0] enable
   0.000000] tsc: Detected 2700.000 MHz processor
[   20.418371] Calibrating delay loop (skipped) preset value.. 5400.00 BogoMIPS (lpj=10800000)
[   20.489516] pid_max: default: 32768 minimum: 301
[   20.491277] ACPI: Core revision 20150930
[   20.502705] ACPI: 2 ACPI AML tables successfully acquired and loaded
[   20.566410] Security Framework initialized
[   20.612457] Yama: becoming mindful.
[   20.664135] AppArmor: AppArmor initialized
[   20.704470] Dentry cache hash table entries: 524288 (order: 10, 4194304 bytes)
[   20.732396] Inode-cache hash table entries: 262144 (order: 9, 2097152 bytes)
[   20.784111] Mount-cache hash table entries: 8192 (order: 4, 65536 bytes)
[   20.904466] Mountpoint-cache hash table entries: 8192 (order: 4, 65536 bytes)
[   21.000422] Initializing cgroup subsys io
[   21.017460] Initializing cgroup subsys memory
[   21.066484] Initializing cgroup subsys devices
[   21.129449] Initializing cgroup subsys freezer
[   21.213350] Initializing cgroup subsys net_cls
[   21.288146] Initializing cgroup subsys perf_event
[   21.301292] Initializing cgroup subsys net_prio
[   21.396566] Initializing cgroup subsys hugetlb
[   21.429376] Initializing cgroup subsys pids
[   21.486097] CPU: Physical Processor ID: 0
[   21.548451] CPU: Processor Core ID: 0
[   21.572039] mce: CPU supports 0 MCE banks
[   21.630390] Last level iTLB entries: 4KB 64, 2MB 8, 4MB 8
[   21.632357] Last level dTLB entries: 4KB 64, 2MB 0, 4MB 0, 1GB 4
[   21.636812] Spectre V2 : Mitigation: Full generic retpoline
[   21.716915] Spectre V2 : Speculation control IBPB not-supported IBRS not-supported
[   21.780988] Speculative Store Bypass: Vulnerable
[   21.814681] Freeing SMP alternatives memory: 32K
[   21.842696] ftrace: allocating 32245 entries in 126 pages
[   21.925683] smpboot: APIC(0) Converting physical 0 to logical package 0
[   22.029964] smpboot: Max logical packages: 1
[   22.032950] ..TIMER: vector=0x30 apic1=0 pin1=2 apic2=-1 pin2=-1
[   22.228244] smpboot: CPU0: Intel(R) Core(TM) i5-5257U CPU @ 2.70GHz (family: 0x6, model: 0x3d, stepping: 0x4)
[   22.340155] Performance Events: unsupported p6 CPU model 61 no PMU driver, software events only.
[   22.429650] KVM setup paravirtual spinlock
[   22.448485] x86: Booting SMP configuration:
[   22.452652] .... node  #0, CPUs:      #1
[   22.483576] kvm-clock: cpu 1, msr 1:1ffef041, secondary cpu clock
[   22.488526] mce: CPU supports 0 MCE banks
[   22.497833] x86: Booted up 1 node, 2 CPUs
[   22.554466] smpboot: Total of 2 processors activated (10800.00 BogoMIPS)
[   22.588007] devtmpfs: initialized
[   22.624132] evm: security.selinux
[   22.671548] evm: security.SMACK64
[   22.717035] evm: security.SMACK64EXEC
[   22.768413] evm: security.SMACK64TRANSMUTE
[   22.773940] evm: security.SMACK64MMAP
[   22.775341] evm: security.ima
[   22.791255] evm: security.capability
[   22.817815] clocksource: jiffies: mask: 0xffffffff max_cycles: 0xffffffff, max_idle_ns: 7645041785100000 ns
[   22.887733] futex hash table entries: 512 (order: 3, 32768 bytes)
[   22.979993] pinctrl core: initialized pinctrl subsystem
[   23.065938] RTC time:  2:09:32, date: 07/24/18
[   23.091496] NET: Registered protocol family 16
[   23.126424] cpuidle: using governor ladder
[   23.202517] cpuidle: using governor menu
[   23.273981] PCCT header not found.
[   23.275350] ACPI: bus type PCI registered
[   23.290338] acpiphp: ACPI Hot Plug PCI Controller Driver version: 0.5
[   23.308073] PCI: Using configuration type 1 for base access
[   23.382554] ACPI: Added _OSI(Module Device)
[   23.419847] ACPI: Added _OSI(Processor Device)
[   23.429748] ACPI: Added _OSI(3.0 _SCP Extensions)
[   23.437695] ACPI: Added _OSI(Processor Aggregator Device)
[   23.471686] ACPI: Executed 1 blocks of module-level executable AML code
[   23.516099] ACPI: Interpreter enabled
[   23.559376] ACPI: (supports S0 S5)
[   23.593033] ACPI: Using IOAPIC for interrupt routing
[   23.647366] PCI: Using host bridge windows from ACPI; if necessary, use "pci=nocrs" and report a bug
[   23.654567] ACPI: PCI Root Bridge [PCI0] (domain 0000 [bus 00-ff])
[   23.722597] acpi PNP0A03:00: _OSC: OS supports [ASPM ClockPM Segments MSI]
[   23.742427] acpi PNP0A03:00: _OSC failed (AE_NOT_FOUND); disabling ASPM
[   23.825252] acpi PNP0A03:00: fail to add MMCONFIG information, can't access extended PCI configuration space under this bridge.
[   23.924529] PCI host bridge to bus 0000:00
[   23.927449] pci_bus 0000:00: root bus resource [io  0x0000-0x0cf7 window]
[   23.965371] pci_bus 0000:00: root bus resource [io  0x0d00-0xffff window]
[   24.018682] pci_bus 0000:00: root bus resource [mem 0x000a0000-0x000bffff window]
[   24.125301] pci_bus 0000:00: root bus resource [mem 0xe0000000-0xffdfffff window]
[   24.199407] pci_bus 0000:00: root bus resource [bus 00-ff]
[   24.273822] pci 0000:00:01.1: legacy IDE quirk: reg 0x10: [io  0x01f0-0x01f7]
[   24.355187] pci 0000:00:01.1: legacy IDE quirk: reg 0x14: [io  0x03f6]
[   24.383628] pci 0000:00:01.1: legacy IDE quirk: reg 0x18: [io  0x0170-0x0177]
[   24.387314] pci 0000:00:01.1: legacy IDE quirk: reg 0x1c: [io  0x0376]
[   24.472722] ACPI: PCI Interrupt Link [LNKA] (IRQs 5 9 10 11) *0, disabled.
[   24.582874] ACPI: PCI Interrupt Link [LNKB] (IRQs 5 9 10 *11)
[   24.632897] ACPI: PCI Interrupt Link [LNKC] (IRQs 5 9 *10 11)
[   24.676612] ACPI: PCI Interrupt Link [LNKD] (IRQs 5 *9 10 11)
[   24.715593] ACPI: Enabled 2 GPEs in block 00 to 07
[   24.780004] vgaarb: setting as boot device: PCI:0000:00:02.0
[   24.859154] vgaarb: device added: PCI:0000:00:02.0,decodes=io+mem,owns=io+mem,locks=none
[   24.894753] vgaarb: loaded
[   24.928520] vgaarb: bridge control possible 0000:00:02.0
[   24.930706] SCSI subsystem initialized
[   24.958421] ACPI: bus type USB registered
[   24.999881] usbcore: registered new interface driver usbfs
[   25.055080] usbcore: registered new interface driver hub
[   25.065115] usbcore: registered new device driver usb
[   25.098450] PCI: Using ACPI for IRQ routing
[   25.146943] NetLabel: Initializing
[   25.193109] NetLabel:  domain hash size = 128
[   25.237967] NetLabel:  protocols = UNLABELED CIPSOv4
[   25.309132] NetLabel:  unlabeled traffic allowed by default
[   25.365190] amd_nb: Cannot enumerate AMD northbridges
[   25.369693] clocksource: Switched to clocksource kvm-clock
[   5.55] pAmor: ApAorilysm abd  6.87] pnp: PnP ACPI init
[  2.247] p:Pn AI:ou 3evices
[   26.660348] clocksource: acpi_pm: mask: 0xffffff max_cycles: 0xffffff, max_idle_ns: 2085701024 ns
[   26.736593] NET: Registered protocol family 2
[   26.804924] TCP established hash table entries: 32768 (order: 6, 262144 bytes)
[   26.858303] TCP bind hash table entries: 32768 (order: 7, 524288 bytes)
[   26.865894] TCP: Hash tables configured (established 32768 bind 32768)
[   26.892672] UDP hash table entries: 2048 (order: 4, 65536 bytes)
[   26.894826] UDP-Lite hash table entries: 2048 (order: 4, 65536 bytes)
[   26.915542] NET: Registered protocol family 1
[   26.927987] pci 0000:00:00.0: Limiting direct PCI/PCI transfers
[   26.930115] pci 0000:00:01.0: Activating ISA DMA hang workarounds
[   26.932398] Unpacking initramfs...
[   28.890322] Freeing initrd memory: 10908K
[   28.960264] PCI-DMA: Using software bounce buffering for IO (SWIOTLB)
[   29.059864] software IO TLB [mem 0xdbff0000-0xdfff0000] (64MB) mapped at [ffff8800dbff0000-ffff8800dffeffff]
[   29.230280] RAPL PMU detected, API unit is 2^-32 Joules, 4 fixed counters 10737418240 ms ovfl timer
[   29.347243] hw unit of domain pp0-core 2^-0 Joules
[   29.420911] hw unit of domain package 2^-0 Joules
[   29.478005] hw unit of domain dram 2^-0 Joules
[   29.514621] hw unit of domain pp1-gpu 2^-0 Joules
[   29.582287] platform rtc_cmos: registered platform RTC device (no PNP device found)
[   29.615541] Scanning for low memory corruption every 60 seconds
[   29.676172] audit: initializing netlink subsys (disabled)
[   29.702075] audit: type=2000 audit(1532398158.932:1): initialized
[   29.705306] Initialise system trusted keyring
[   29.727922] HugeTLB registered 2 MB page size, pre-allocated 0 pages
[   29.801085] zbud: loaded
[   29.818752] VFS: Disk quotas dquot_6.6.0
[   29.908820] VFS: Dquot-cache hash table entries: 512 (order 0, 4096 bytes)
[   29.935509] squashfs: version 4.0 (2009/01/31) Phillip Lougher
[   29.958812] fuse init (API version 7.23)
[   29.966009] Key type big_key registered
[   29.979379] Allocating IMA MOK and blacklist keyrings.
[   30.069944] Key type asymmetric registered
[   30.088378] Asymmetric key parser 'x509' registered
[   30.102320] Block layer SCSI generic (bsg) driver version 0.4 loaded (major 249)
[   30.129958] io scheduler noop registered
[   30.143288] io scheduler deadline registered (default)
[   30.173090] io scheduler cfq registered
[   30.174856] pci_hotplug: PCI Hot Plug PCI Core version: 0.5
[   30.191089] pciehp: PCI Express Hot Plug Controller Driver version: 0.4
[   30.239418] ACPI: AC Adapter [AC] (on-line)
[   30.256341] input: Power Button as /devices/LNXSYSTM:00/LNXPWRBN:00/input/input0
[   30.278728] ACPI: Power Button [PWRF]
[   30.325900] input: Sleep Button as /devices/LNXSYSTM:00/LNXSLPBN:00/input/input1
[   30.406987] ACPI: Sleep Button [SLPF]
[   30.476227] GHES: HEST is not enabled!
[   30.478545] ACPI: Battery Slot [BAT0] (battery present)
[   30.588108] tsc: Refined TSC clocksource calibration: 2701.119 MHz
[   30.637843] clocksource: tsc: mask: 0xffffffffffffffff max_cycles: 0x26ef5f2e4b9, max_idle_ns: 440795216493 ns
[   0.0919 Sia 80/65 dve 3pos,RQhangnabed
[   .459] :0: ttyS0 at I/O 0x3f8 (irq = 4, base_baud = 115200) is a 16550A
[   31.763218] Linux agpgart interface v0.103
[   31.819828] loop: module loaded
[   31.839081] scsi host0: ata_piix
[   31.884653] scsi host1: ata_piix
[   31.904048] ata1: PATA max UDMA/33 cmd 0x1f0 ctl 0x3f6 bmdma 0xd000 irq 14
[   31.957856] ata2: PATA max UDMA/33 cmd 0x170 ctl 0x376 bmdma 0xd008 irq 15
[   32.038651] libph: ix MIO Bus pbe

[   32.313223]tu Uvesal TU/T dvi dve, 1.6
[   32.698159] tun: (C) 1999-2004 Max Krasnyansky <maxk@qualcomm.com>
[   32.700446] PPP generic driver version 2.4.2
[   32.720799] ehci_hcd: USB 2.0 'Enhanced' Host Controller (EHCI) Driver
[   32.778690] ehci-pci: EHCI PCI platform driver
[   32.788578] ehci-platform: EHCI generic platform driver
[   32.808265] ohci_hcd: USB 1.1 'Open' Host Controller (OHCI) Driver
[   32.856247] ohci-pci: OHCI PCI platform driver
[   32.946507] ohci-platform: OHCI generic platform driver
[   32.958430] uhci_hcd: USB Universal Host Controller Interface driver
[   33.013014] i8042: PNP: PS/2 Controller [PNP0303:PS2K,PNP0f03:PS2M] at 0x60,0x64 irq 1,12
[   33.047287] serio: i8042 KBD port at 0x60,0x64 irq 1
[   33.063026] serio: i8042 AUX port at 0x60,0x64 irq 12
[   33.127739] mousedev: PS/2 mouse device common for all mice
[   33.154893] rtc_cmos rtc_cmos: rtc core: registered rtc_cmos as rtc0
[   33.229322] rtc_cmos rtc_cmos: alarms up to one day, 114 bytes nvram
[   33.329753] input: AT Translated Set 2 keyboard as /devices/platform/i8042/serio0/input/input2
[   33.460250] i2c /dev entries driver
[   33.480048] device-mapper: uevent: version 1.0.3
[   33.506704] device-mapper: ioctl: 4.34.0-ioctl (2015-10-28) initialised: dm-devel@redhat.com
[   33.640712] ledtrig-cpu: registered to indicate activity on CPUs
[   33.655401] NET: Registered protocol family 10
[   33.671829] NET: Registered protocol family 17
[   33.737076] Key type dns_resolver registered
[   33.751213] registered taskstats version 1
[   33.789652] Loading compiled-in X.509 certificates
[   33.80380LodeX.9 rtBud im atonetekeelkey: b30fbc63c32ca4648abbcfa432'
[   34.861671] zswap: loaded using pool lzo/zbud
[   34.871336] Key type trusted registered
[   34.897170] Key type encrypted registered
[   34.930746] AppArmor: AppArmor sha1 policy hashing enabled
[   34.951486] ima: No TPM chip found, activating TPM-bypass!
[   34.953423] ima: Allocated hash algorithm: sha1
[   34.972659] evm: HMAC attrs: 0x1
[   34.985122]   Magic number: 10:64:7
[  5.99] c_cmos tccmos: setting system clock to 2018-07-24 02:09:44 UTC15398184
[  35970]IO EDD facility v0.16 004-Jn-,  dicesou
  5.55] D foatn t valale.
[   36.479967] Freeing unused kernel memory: 1516K
[   36.566042] Write protecting the kernel read-only data: 14336k
[   36.643138] Freeing unused kernel memory: 1680K
[   36.985372] Freeing unused kernel memory: 96K
Loading, please wait...
starting version[   37.904060] random: systemd-udevd: uninitialized urandom read (16 bytes read, 9 bits of entropy available)
 229
[   37.904300] random: udevadm: uninitialized urandom read (16 bytes read, 9 bits of entropy available)
[   37.904323] random: udevadm: uninitialized urandom read (16 bytes read, 9 bits of entropy available)
[   37.916875] random: udevadm: uninitialized urandom read (16 bytes read, 9 bits of entropy available)
[   37.916931] random: udevadm: uninitialized urandom read (16 bytes read, 9 bits of entropy available)
[   37.917105] random: udevadm: uninitialized urandom read (16 bytes read, 9 bits of entropy available)
[   37.917175] random: udevadm: uninitialized urandom read (16 bytes read, 9 bits of entropy available)
[   37.917350] random: udevadm: uninitialized urandom read (16 bytes read, 9 bits of entropy available)
[   37.917429] random: udevadm: uninitialized urandom read (16 bytes read, 9 bits of entropy available)
[   37.917496] random: udevadm: uninitialized urandom read (16 bytes read, 9 bits of entropy available)
[   39.080180] Fusion MPT base driver 3.04.20
[   39.088541] Copyright (c) 1999-2008 LSI Corporation
[   39.109287] e1000: Intel(R) PRO/1000 Network Driver - version 7.3.21-k8-NAPI
[   39.151582] e1000: Copyright (c) 1999-2006 Intel Corporation.
[   39.166484] AVX version of gcm_enc/dec engaged.
[   39.202066] AES CTR mode by8 optimization enabled
[   39.239782] Fusion MPT SPI Host driver 3.04.20
[   39.311775] input: ImExPS/2 Generic Explorer Mouse as /devices/platform/i8042/serio1/input/input4
[   39.680765] e1000 0000:00:03.0 eth0: (PCI:33MHz:32-bit) 02:21:52:1a:0a:14
[   39.746839] e1000 0000:00:03.0 eth0: Intel(R) PRO/1000 Network Connection
[   39.773105] mptbase: ioc0: Initiating bringup
[   39.774452] e1000 0000:00:03.0 enp0s3: renamed from eth0
[   39.858109] ioc0: LSI53C1030 A0: Capabilities={Initiator}
[   40.090263] scsi host2: ioc0: LSI53C1030 A0, FwRev=00000000h, Ports=1, MaxQ=256, IRQ=20
[   40.411585] scsi 2:0:0:0: Direct-Access     VBOX     HARDDISK         1.0  PQ: 0 ANSI: 5
[   40.556671] scsi target2:0:0: Beginning Domain Validation
[   40.590498] scsi target2:0:0: Domain Validation skipping write tests
[   40.648772] scsi target2:0:0: Ending Domain Validation
[   40.656432] scsi target2:0:0: asynchronous
[   40.753917] scsi 2:0:1:0: Direct-Access     VBOX     HARDDISK         1.0  PQ: 0 ANSI: 5
[   40.844791] scsi target2:0:1: Beginning Domain Validation
[   40.890507] scsi target2:0:1: Domain Validation skipping write tests
[   40.912023] scsi target2:0:1: Ending Domain Validation
[   40.945004] scsi target2:0:1: asynchronous
[   40.986656] sd 2:0:0:0: Attached scsi generic sg0 type 0
[   40.986983] sd 2:0:0:0: [sda] 20971520 512-byte logical blocks: (10.7 GB/10.0 GiB)
[   40.987671] sd 2:0:0:0: [sda] Write Protect is off
[   40.987992] sd 2:0:0:0: [sda] Incomplete mode parameter data
[   40.987995] sd 2:0:0:0: [sda] Assuming drive cache: write through
[   40.992828]  sda: sda1
[   40.995326] sd 2:0:0:0: [sda] Attached SCSI disk
[   41.219048] sd 2:0:1:0: [sdb] 20480 512-byte logical blocks: (10.5 MB/10.0 MiB)
[   41.229729] sd 2:0:1:0: Attached scsi generic sg1 type 0
[   41.250378] sd 2:0:1:0: [sdb] Write Protect is off
[   41.276004] sd 2:0:1:0: [sdb] Incomplete mode parameter data
[   41.326504] sd 2:0:1:0: [sdb] Assuming drive cache: write through
[   41.423991] sd 2:0:1:0: [sdb] Attached SCSI disk
Begin: Loading e[   42.930796] md: linear personality registered for level -1
ssential drivers ... [   42.970441] md: multipath personality registered for level -4
[   43.023697] md: raid0 personality registered for level 0
[   43.060637] md: raid1 personality registered for level 1
[   43.181806] raid6: sse2x1   gen()  5360 MB/s
[   43.285742] raid6: sse2x1   xor()  2741 MB/s
[   43.393704] raid6: sse2x2   gen() 10439 MB/s
[   43.515722] raid6: sse2x2   xor()  7957 MB/s
[   43.641766] raid6: sse2x4   gen() 11555 MB/s
[   43.766261] raid6: sse2x4   xor()  8729 MB/s
[   43.843656] raid6: using algorithm sse2x4 gen() 11555 MB/s
[   43.872034] raid6: .... xor() 8729 MB/s, rmw enabled
[   43.957460] raid6: using ssse3x2 recovery algorithm
[   44.033485] xor: automatically using best checksumming function:
[   44.097752]    avx       : 21125.000 MB/sec
[   44.155172] async_tx: api initialized (async)
[   44.217446] md: raid6 personality registered for level 6
[   44.245002] md: raid5 personality registered for level 5
[   44.298371] md: raid4 personality registered for level 4
[   44.335126] md: raid10 personality registered for level 10
done.
Begin: Running /scripts/init-premount ... done.
Begin: Mounting root file system ... Begin: Running /scripts/local-top ... done.
Begin: Running /scripts/local-premount ... [   44.450750] Btrfs loaded
Scanning for Btrfs filesystems
[   44.569570] EXT4-fs (sda1): mounted filesystem with ordered data mode. Opts: (null)
done.
Warning: fsck not present, so skipping root file system
done.
Begin: Running /scripts/local-bottom ... done.
Begin: Running /scripts/init-bottom ... done.
[   44.723091] systemd[1]: systemd 229 running in system mode. (+PAM +AUDIT +SELINUX +IMA +APPARMOR +SMACK +SYSVINIT +UTMP +LIBCRYPTSETUP +GCRYPT +GNUTLS +ACL +XZ -LZ4 +SECCOMP +BLKID +ELFUTILS +KMOD -IDN)
[   44.818066] systemd[1]: Detected virtualization oracle.
[   44.861159] systemd[1]: Detected architecture x86-64.

Welcome to [1mUbuntu 16.04.5 LTS[0m!

[   44.902722] systemd[1]: Set hostname to <ubuntu>.
[   44.930036] systemd[1]: Initializing machine ID from random generator.
[   44.944818] systemd[1]: Installed transient /etc/machine-id file.
[   45.180009] systemd[1]: Set up automount Arbitrary Executable File Formats File System Automount Point.
[[0;32m  OK  [0m] Set up automo[   45.258154] random: nonblocking pool is initialized
unt Arbitrary Executab...ats File System Automount Point.
[   5.423310] systemd[1]: Reached target User and Group Name Lookups.
[[0;32m  OK  [0m] Reached target User and Group Name Lookups.
[  4.5212]systemd[1]: Reached target Swap.
[[0;32m  OK  [0m] Reached target Swap.
[ 45189]ysmd]:Started ForarPawo Rues o alDictry Watch.
[[0;32m  OK  [0m] Started Forward Password Requests to Wall Directory Watch.
[   6.59051] systemd[1]: Creedlie ysm ic
[[0;32m  OK  [0m] Created slice System Slice.
[   47.050272 sted[: stin oJona Socket (/dev/log).
[[0;32m  OK  [0m] Listening on Journal Socket (/dev/log).
[   47.491985] systemd[1]: Listening on Syslog Sock.
[[0;32m  OK  [0m] Listening on Syslog Socket.
[   47.58208sytemd[1]: istenngon/d/itcl mpibitNad pe

[[0;32m  OK  [0m] Listening on /dev/initctl Compatibility Named Pipe.
[  435850] ysmd]:eaed targetSyteTi Snchronized.
[[0;32m  OK  [0m] Reached target System Time Synchronized.
[   49852syem1]Crtesle Userand Sesonli.
[[0;32m  OK  [0m] Created slice User and Session Slice.
[   49.67640syem1] Rch targt ic.
[[0;32m  OK  [0m] Reached target Slices.
[   50.169433] systemd[1]: Listening on Device-mapper event daemon FIFOs.
[[0;32m  OK  [0m] Listening on Device-mapper event daemon FIFOs.
[ 5055458] syte[1: stin on udev onoloct.
[[0;32m  OK  [0m] Listening on udev Control Socket.
[   50.928690] systemd[1]: Created slice system-serial\x2dgetty.slice.
[[0;32m  OK  [0m] Created slice system-serial\x2dgetty.slice.
[   50.997619] systemd[1]: Listening on Journal Audit Socket.
[[0;32m  OK  [0m] Listening on Journal Audit Socket.
[   51.003990] systemd[1]: Listening on udev Kernel Socket.
[[0;32m  OK  [0m] Listening on udev Kernel Socket.
[   .026] std[: stning on LVM mada em socet
[[0;32m  OK  [0m] Listening on LVM2 metadata daemon socket.
[ 51946]ysmd]:isni o Jurl cket
[[0;32m  OK  [0m] Listening on Journal Socket.
[   52.506264] systemd[1]: Starting Monitoring of LVM2 mirrors, snapshots etc. using dmeventd or progress polling...
         Starting Monitoring of LVM2 mirrors... dmeventd or progress polling...
[   52.626525] systemd[1]: Mounting Debug File System...
         Mounting Debug File System...
[   52.718132] systemd[1]: Starting Nameserver information manager...
         Starting Nameserver information manager...
[   52.866125] systemd[1]: Mounting POSIX Message Queue File System...
         Mounting POSIX Message Queue File System...
[   52.986198] systemd[1]: Starting Set console keymap...
         Starting Set console keymap...
[   53.118447] systemd[1]: Starting Journal Service...
         Starting Journal Service...
[   53.218432] systemd[1]: Starting Uncomplicated firewall...
         Starting Uncomplicated firewall...
[   53.334534] systemd[1]: Starting Load Kernel Modules...
         Starting Load Ke[   53.383795] Loading iSCSI transport class v2.0-870.
rnel Modules...
[   53.425839] systemd[1]: Starting Create list of required static device nodes for the current kernel...
         Starting Create list of required st... nodes for the current kernel...
[   53.471945] iscsi: registered transport (tcp)
[   53.472828] systemd[1]: Mounting Huge Pages File System...
         Mounting Huge Pages File System...
[   53.530575] systemd[1]: Reached target Encrypted Volumes.
[[0;32m  OK  [0m] Reached target Encrypted Volumes.
[   53.552047] iscsi: registered transport (iser)
[   53.565756] systemd[1]: Listening on LVM2 poll daemon socket.
[[0;32m  OK  [0m] Listening on LVM2 poll daemon socket.
[   53.646683] systemd[1]: Starting Remount Root and Kernel File Systems...
         [   53.676105] EXT4-fs (sda1): re-mounted. Opts: (null)
Starting Remount Root and Kernel File Systems...
[ 53.73684 ste[1 Sard igr soco uatfoneworkd DNS.
[[0;32m  OK  [0m] Started Trigger resolvconf update for networkd DNS.
[ 5477938] systemd[1]: Mounted Debug File System.
[[0;32m  OK  [0m] Mounted Debug File System.
[   54.724222] systemd[1]: Mounted Huge Pages File System.
[[0;32m  OK  [0m] Mounted Huge Pages File System.
[   54.799104] systemd[1]: Mounted POSIX Message Queue File System.
[[0;32m  OK  [0m] Mounted POSIX Message Queue File System.
[   55.019139] systemd[1]: Started Journal Service.
[[0;32m  OK  [0m] Started Journal Service.
[[0;32m  OK  [0m] Started Set console keymap.
[[0;32m  OK  [0m] Started Uncomplicated firewall.
[[0;32m  OK  [0m] Started Load Kernel Modules.
[[0;32m  OK  [0m] Started Create list of required sta...ce nodes for the current kernel.
[[0;32m  OK  [0m] Started Remount Root and Kernel File Systems.
[[0;32m  OK  [0m] Started Nameserver information manager.
[[0;32m  OK  [0m] Started LVM2 metadata daemon.
         Starting Load/Save Random Seed...
         Starting udev Coldplug all Devices...
         Starting Create Static Device Nodes in /dev...
         Starting Apply Kernel Variables...
         Mounting FUSE Control File System...
         Starting Flush Journal to Persistent Storage...
[[0;32m  OK  [0m] Mounted FUSE Control File System.
[[0;32m  OK  [0m] Started Load/Save Random Seed.
[[0;32m  OK  [0m] Started Create Static Device Nodes in /dev.
[[0;32m  OK  [0m] Started Apply Kernel Variables.
[[0;32m  OK  [0m] Started Monitoring of LVM2 mirrors,...ng dmeventd or progress polling.
[[0;32m  OK  [0m] Started udev Coldplug all Devices.
[[0;32m  OK  [0m] Started Flush Journal to Persistent Storage.
         Starting udev Kernel Device Manager...
[[0;32m  OK  [0m] Started udev Kernel Device Manager.
[[0;32m  OK  [0m] Reached target Local File Systems (Pre).
[[0;32m  OK  [0m] Reached target Local File Systems.
         Starting Create Volatile Files and Directories...
         Starting Initial cloud-init job (pre-networking)...
         Starting Set console font and keymap...
         Starting Tell Plymouth To Write Out Runtime Data...
         Starting LSB: AppArmor initialization...
         Starting Commit a transient machine-id on disk...
[[0;32m  OK  [0m] Started Dispatch Password Requests to Console Directory Watch.
[[0;32m  OK  [0m] Started Create Volatile Files and Directories.
[[0;32m  OK  [0m] Started Tell Plymouth To Write Out Runtime Data.
[[0;32m  OK  [0m] Started Commit a transient machine-id on disk.
[[0;32m  OK  [0m] Started Set console font and keymap.
[[0;32m  OK  [0m] Found device /dev/ttyS0.
[[0;32m  OK  [0m] Listening on Load/Save RF Kill Switch Status /dev/rfkill Watch.
[[0;32m  OK  [0m] Created slice system-getty.slice.
         Starting Update UTMP about System Boot/Shutdown...
[[0;32m  OK  [0m] Started Update UTMP about System Boot/Shutdown.
[[0;32m  OK  [0m] Started LSB: AppArmor initialization.
[   63.822944] cloud-init[497]: Cloud-init v. 18.2 running 'init-local' at Tue, 24 Jul 2018 02:10:37 +0000. Up 63.49 seconds.
[[0;32m  OK  [0m] Started Initial cloud-init job (pre-networking).
[[0;32m  OK  [0m] Reached target Network (Pre).
         Starting Raise network interfaces...
[[0;32m  OK  [0m] Started Raise network interfaces.
[[0;32m  OK  [0m] Reached target Network.
         Starting Initial cloud-init job (metadata service crawler)...
[   65.994832] cloud-init[927]: Cloud-init v. 18.2 running 'init' at Tue, 24 Jul 2018 02:10:39 +0000. Up 64.93 seconds.
[   66.037820] cloud-init[927]: ci-info: +++++++++++++++++++++++++++++++++++++Net device info+++++++++++++++++++++++++++++++++++++
[   66.120802] cloud-init[927]: ci-info: +--------+------+---------------------------+---------------+-------+-------------------+
[[0;32m  OK  [0m] Started Initial cloud-init job (metadata service crawler).
[   66.122225] cloud-init[927]: ci-info: | Device |  Up  |          Address          |      Mask     | Scope |     Hw-Address    |
[   66.265416] cloud-init[927]: ci-info: +--------+------+---------------------------+---------------+-------+-------------------+
[[0;32m  OK  [0m] Reached target Network is Online.
[   66.266362] cloud-init[927]: ci-info: | enp0s3 | True |         10.0.2.15         | 255.255.255.0 |   .   | 02:21:52:1a:0a:14 |
         [   66.369011] Starting iSCSI initiator daemon (iscsid)...cloud-init
[927]: ci-info: | enp0s3 | True | fe80::21:52ff:fe1a:a14/64 |       .       |  link | 02:21:52:1a:0a:14 |
[   66.371412] cloud-init[927]: ci-info: |   lo   | True |         127.0.0.1         |   255.0.0.0   |   .   |         .         |
[[0;32m  OK  [0m] Reached target Cloud-config availability.
[   66.454767] cloud-init[927]: ci-info: |   lo   | True |          ::1/128          |       .       |  host |         .         |
[   66.575803] [cloud-init[0;32m  OK  [0m[927]: ] ci-info: +--------+------+---------------------------+---------------+-------+-------------------+Reached target System Initialization.

[   66.640974] cloud-init[927]: ci-info: +++++++++++++++++++++++++++Route IPv4 info++++++++++++++++++++++++++++
[   66.641665] cloud-init[927]: ci-info: +-------+-------------+----------+---------------+-----------+-------+
[[0;32m  OK  [0m] Started Daily apt download activities.
[   66.642039] cloud-init[927]: ci-info: | Route | Destination | Gateway  |    Genmask    | Interface | Flags |
[   66.817898] cloud-init[927]: ci-info: +-------+-------------+----------+---------------+-----------+-------+
[[0;32m  OK  [0m] Listening on ACPID Listen Socket.
[   66.818290] cloud-init[927]: ci-info: |   0   |   0.0.0.0   | 10.0.2.2 |    0.0.0.0    |   enp0s3  |   UG  |
[   67.296984] cloud-init[927]: ci-info: |   1   |   10.0.2.0  | 0.0.0.0  | 255.255.255.0 |   enp0s3  |   U   |
[   67.298122] cloud-init[927]: ci-info: +-------+-------------+----------+---------------+-----------+-------+
[[0;32m  OK  [0m] Started ACPI Events Check.
[   67.298465] cloud-init[927]: Generating public/private rsa key pair.
[[0;32m  OK  [0m] Reached target Paths.
[   67.628897] cloud-init[927]: Your identification has been saved in /etc/ssh/ssh_host_rsa_key.
[[0;32m  OK  [0m] Started Daily apt upgrade and clean activities.
[   67.701137] cloud-init[927]: Your public key has been saved in /etc/ssh/ssh_host_rsa_key.pub.
[   67.805706] cloud-init[927]: The key fingerprint is:
[[0;32m  OK  [0m] Started Daily Cleanup of Temporary Directories.
[   67.806222] cloud-init[927]: SHA256:/CfEBIteOZwpiDm9Sl7QUHs8tpQe3KmpOFdMur2siZg root@ubuntu-xenial
[   68.324716] cloud-init[927]: The key's randomart image is:
         Starting Socket activation for snappy daemon.
[[   68.326790] cloud-init[927]: +---[RSA 2048]----+
[0;32m  OK  [0m] Listening on UUID daemon activation socket.
         Starting LXD - unix socket.
[[0;32m  OK  [0m] Reached target Timers.
[[0;32m  OK  [0m] Listening on D-Bus System Message Bus Socket.
[   68.426316] cloud-init[927]: |  ...   .        |
[   68.576807] cloud-init[927]: |   * = = B       |
[[   68.577957] [0;32m  OK  [0mcloud-init] [927]: Listening on Socket activation for snappy daemon.|  = = & @ .      |

[   68.649050] cloud-init[927]: |   o @ X +       |
[   68.650106] cloud-init[927]: |  . + O S o      |
[[0;32m  OK  [0m] Listening on LXD - unix socket.
[[   68.650318] cloud-init[927]: | o + =   o       |
[0;32m  OK  [0m[   68.760608] ] cloud-initStarted iSCSI initiator daemon (iscsid).[927]: 
|  = + .   o .    |
[   68.761844] cloud-init[927]: | o + o .   o     |
[   68.796709] cloud-init[927]: |E . o.o          |
         [   68.817685] Starting Login to default iSCSI targets...cloud-init
[927]: +----[SHA256]-----+
[[   68.817896] cloud-init[927]: Generating public/private dsa key pair.
[   69.009010] cloud-init[927]: Your identification has been saved in /etc/ssh/ssh_host_dsa_key.
[0;32m  OK  [0m] Reached target Sockets.
[[   69.009358] cloud-init[927]: Your public key has been saved in /etc/ssh/ssh_host_dsa_key.pub.
[   69.072899] cloud-init[927]: The key fingerprint is:
[0;32m  OK  [0m] Reached target Basic System.
[   69.073602] cloud-init[927]: SHA256:CjEu9TlIEbsxLw0b51TjaGI4REf8J/V2/sfWG/mFwxU root@ubuntu-xenial
[   69.156668] cloud-init[927]: The key's randomart image is:
[[0;32m  OK  [0m] Started FUSE filesystem for LXC.
[   69.158725] cloud-init[927]: +---[DSA 1024]----+
[   69.216930] cloud-init[927]: | .oo=.  o        |
[   69.217711] cloud-init[927]: | . o.o +..       |
         Starting /etc/rc.local Compatibility...
[   69.218341] cloud-init[927]: |  o &.=...     E |
[   69.328703] cloud-init[927]: |   * ^o.. o .   .|
[   69.330207] cloud-init[927]: |  . B BoS. o    .|
[[0;32m  OK  [0m] Started ACPI event daemon.
[   69.330565] cloud-init[927]: |   . o o    .. o.|
[   69.356821] cloud-init[927]: |      .      .++o|
[   69.368791] cloud-init[927]: |              ..O|
[[0;32m  OK  [0m] Started D-Bus System Message Bus.
[   69.382749] cloud-init[927]: |               +o|
[   69.422794] cloud-init[927]: +----[SHA256]-----+
[   69.447983] cloud-init[927]: Generating public/private ecdsa key pair.
[   69.470178] cloud-init[927]: Your identification has been saved in /etc/ssh/ssh_host_ecdsa_key.
         Starting LSB: MD monitoring daemon...
[   69.481282] cloud-init[927]: Your public key has been saved in /etc/ssh/ssh_host_ecdsa_key.pub.
         [   69.556547] cloud-init[927]: The key fingerprint is:
[   69.556730] cloud-init[927]: SHA256:vs4fwXGFcSMDUvMq1F49xNA3eVfUj/oZPRYK98lETbY root@ubuntu-xenial
[   69.556916] cloud-init[927]: The key's randomart image is:
[   69.557074] cloud-init[927]: +---[ECDSA 256]---+
[   69.558047] cloud-init[927]: |        ..+.=*=oX|
[   69.558327] cloud-init[927]: |         o o.Bo*B|
[   69.558471] cloud-init[927]: |        . o + +E=|
[   69.558659] cloud-init[927]: |       . o * ..+.|
[   69.558806] cloud-init[927]: |        S = o.=.o|
[   69.559067] cloud-init[927]: |       . . ....*.|
[   69.559209] cloud-init[927]: |        . .  ..o.|
[   69.559370] cloud-init[927]: |       . . .  o  |
[   69.559576] cloud-init[927]: |       .+..      |
[   69.559726] cloud-init[927]: +----[SHA256]-----+
[   69.559864] cloud-init[927]: Generating public/private ed25519 key pair.
[   69.560043] cloud-init[927]: Your identification has been saved in /etc/ssh/ssh_host_ed25519_key.
Starting Virtualbox guest utils...
[[0;32m  OK  [0m] Started Unattended Upgrades Shutdown.[   69.561348] cloud-init[927]: Your public key has been saved in /etc/ssh/ssh_host_ed25519_key.pub.

[   69.866989] cloud-init[927]: The key fingerprint is:
         Starting Login Service...
[   69.896244] cloud-init[927]: SHA256:ODO43RJbG4F/ugIkoKJKfk1HRbmaa1IxN1ajuePj6N0 root@ubuntu-xenial
[   69.929607] cloud-init         Starting Pollinate to seed the pseudo random number generator...
         Starting Accounts Service...
[927]: The key's randomart image is:
         Starting System Logging Service...
[   69.998393] cloud-init[927]: +--[ED25519 256]--+
[   70.015274] cloud-init[927]: |        ...      |
[   70.048309] cloud-init[927]: |.      . o o     |
         Starting Apply the settings specified in cloud-config...
[   70.071810] cloud-init[927]: |..    . o = .    |
[[0;32m  OK  [0m] Started Regular background program processing daemon.
         Starting LSB: Record successful boot for GRUB...
[   70.122549] cloud-init[927]: |o . .. * O       |
         Starting Snappy daemon...
[   70.261759] cloud-init[927]: |o  o. B S +      |
[[0;32m  OK  [0m] Started Deferred execution scheduler.
[   70.375345] cloud-init[927]: |..  .+ & B       |
[   70.430209]          cloud-initStarting LXD - container startup/shutdown...[927]: 
|+   +.* * .      |
[   70.497056] [cloud-init[0;32m  OK  [0m[927]: ] |.. . o.+o+.      |Started System Logging Service.

[   70.497945] cloud-init[927]: |  .   ++oo.E     |
[   70.510124] [cloud-init[0;32m  OK  [0m[927]: ] +----[SHA256]-----+Started /etc/rc.local Compatibility.

[[0;32m  OK  [0m] Started Snappy daemon.
[[0;32m  OK  [0m] Started LXD - container startup/shutdown.
[[0;32m  OK  [0m] Started Pollinate to seed the pseudo random number generator.
[[0;32m  OK  [0m] Started Login to default iSCSI targets.
[[0;32m  OK  [0m] Started LSB: MD monitoring daemon.
[[0;32m  OK  [0m] Started LSB: Record successful boot for GRUB.
[[0;32m  OK  [0m] Reached target Remote File Systems (Pre).
[[0;32m  OK  [0m] Reached target Remote File Systems.
         Starting LSB: automatic crash report generation...
         Starting LSB: Set the CPU Frequency Scaling governor to "ondemand"...
         Starting Permit User Sessions...
         Starting LSB: daemon to balance interrupts for SMP systems...
         Starting OpenBSD Secure Shell server...
         Starting Wait until snapd is fully seeded...
[[0;32m  OK  [0m] Started OpenBSD Secure Shell server.
[[0;32m  OK  [0m] Started Virtualbox guest utils.
[[0;32m  OK  [0m] Started Permit User Sessions.
[[0;32m  OK  [0m] Started Login Service.
         Starting Terminate Plymouth Boot Screen...
         Starting Hold until boot process finishes up...
[[0;32m  OK  [0m] Started LSB: automatic crash report generation.
[[0;32m  OK  [0m] Started LSB: Set the CPU Frequency Scaling governor to "ondemand".
[[0;32m  OK  [0m] Started LSB: daemon to balance interrupts for SMP systems.
[[0;32m  OK  [0m] Started Terminate Plymouth Boot Screen.
[[0;32m  OK  [0m] Started Hold until boot process finishes up.
[   71.475409] cloud-init[1077]: Generating locales (this might take a while)...
[[0;32m  OK  [0m] Created slice User Slice of vagrant.
[[0;32m  OK  [0m] Started Session 1 of user vagrant.
         Starting User Manager for UID 1000...
         Starting Set console scheme...
[[0;32m  OK  [0m] Started Serial Getty on ttyS0.
[[0;32m  OK  [0m] Started Getty on tty1.
[[0;32m  OK  [0m] Reached target Login Prompts.
[[0;32m  OK  [0m] Started User Manager for UID 1000.
[[0;32m  OK  [0m] Started Set console scheme.
[   72.797101] cloud-init[1077]:   en_US.UTF-8... done
[   72.814424] cloud-init[1077]: Generation complete.
[   73.432744] cloud-init[1077]: Cloud-init v. 18.2 running 'modules:config' at Tue, 24 Jul 2018 02:10:45 +0000. Up 71.02 seconds.
[[0;32m  OK  [0m] Started Apply the settings specified in cloud-config.
[[0;32m  OK  [0m] Started Session 2 of user vagrant.
[[0;32m  OK  [0m] Started Wait until snapd is fully seeded.
[[0;32m  OK  [0m] Reached target Multi-User System.
         Starting Execute cloud user/final scripts...
ci-info: no authorized ssh keys fingerprints found for user ubuntu.
<14>Jul 24 02:10:49 ec2: 
<14>Jul 24 02:10:49 ec2: #############################################################
<14>Jul 24 02:10:49 ec2: -----BEGIN SSH HOST KEY FINGERPRINTS-----
<14>Jul 24 02:10:49 ec2: 1024 SHA256:CjEu9TlIEbsxLw0b51TjaGI4REf8J/V2/sfWG/mFwxU root@ubuntu-xenial (DSA)
<14>Jul 24 02:10:49 ec2: 256 SHA256:vs4fwXGFcSMDUvMq1F49xNA3eVfUj/oZPRYK98lETbY root@ubuntu-xenial (ECDSA)
<14>Jul 24 02:10:49 ec2: 256 SHA256:ODO43RJbG4F/ugIkoKJKfk1HRbmaa1IxN1ajuePj6N0 root@ubuntu-xenial (ED25519)
<14>Jul 24 02:10:49 ec2: 2048 SHA256:/CfEBIteOZwpiDm9Sl7QUHs8tpQe3KmpOFdMur2siZg root@ubuntu-xenial (RSA)
<14>Jul 24 02:10:49 ec2: -----END SSH HOST KEY FINGERPRINTS-----
<14>Jul 24 02:10:49 ec2: #############################################################
-----BEGIN SSH HOST KEY KEYS-----
ecdsa-sha2-nistp256 AAAAE2VjZHNhLXNoYTItbmlzdHAyNTYAAAAIbmlzdHAyNTYAAABBBNsR3tK9XOLZw/lW0jyrexbCwj+nXRIA3fIhBrr2ksgbQGVB9S/496uY86HFLBNk/cEAQtiCFt3W8Can9GtB3uQ= root@ubuntu-xenial
ssh-ed25519 AAAAC3NzaC1lZDI1NTE5AAAAIJqkkvU5fEfawPZ2QgyLpqkEp6Ni/JiC1iYhqeXgQP5r root@ubuntu-xenial
ssh-rsa AAAAB3NzaC1yc2EAAAADAQABAAABAQDYtclK3uD5r8BtfkjrwkVB9Ev1ZFMaO4o1kv0wvzCK/8KsHOFsbIrto8attBU+GgbFMbjKfUP1k2waIhNdQ8h3kkg0f6mlb2YguKy1dH/xKT6BFWXf6B7PtIVmVQF8MutaF8etDh1VGPnsU5pMWb1KdqLfbdzEoXjy0AbnWt/Spq2PTLV16JBx6qD2OPQC1/6hKDae7TUo1qX08YDWTuI3hPpU/OpmcVPre+6yVXuqMYj/jLq0Wz2WlutlSk9MK/mW0oc+0Asx9WCqbKM8yqcsAs7J2STjBcv65qxpcJ6UxcDT4L4fS5JtFlNFec0D78hR63kwcjHMkTSmt13feQaD root@ubuntu-xenial
-----END SSH HOST KEY KEYS-----
[   75.968608] cloud-init[1503]: Cloud-init v. 18.2 running 'modules:final' at Tue, 24 Jul 2018 02:10:49 +0000. Up 75.14 seconds.
[   76.068754] cloud-init[1503]: ci-info: no authorized ssh keys fingerprints found for user ubuntu.
[   76.136667] cloud-init[1503]: Cloud-init v. 18.2 finished at Tue, 24 Jul 2018 02:10:50 +0000. Datasource DataSourceNoCloud [seed=/dev/sdb][dsmode=net].  Up 75.95 seconds
[[0;32m  OK  [0m] Started Execute cloud user/final scripts.
[[0;32m  OK  [0m] Reached target Cloud-init target.

Ubuntu 16.04.5 LTS ubuntu-xenial ttyS0

ubuntu-xenial login: 